{
  "stats": {
    "suites": 1,
    "tests": 2,
    "passes": 2,
    "pending": 0,
    "failures": 0,
    "start": "2021-03-26T10:16:13.350Z",
    "end": "2021-03-26T10:16:17.309Z",
    "duration": 3959,
    "testsRegistered": 2,
    "passPercent": 100,
    "pendingPercent": 0,
    "other": 0,
    "hasOther": false,
    "skipped": 0,
    "hasSkipped": false
  },
  "results": [
    {
      "uuid": "7165b4c9-7c9b-4fae-b7f0-83881c63373a",
      "title": "",
      "fullFile": "cypress/integration/interacciones/todomvc.spec.js",
      "file": "cypress/integration/interacciones/todomvc.spec.js",
      "beforeHooks": [],
      "afterHooks": [],
      "tests": [],
      "suites": [
        {
          "uuid": "f01836f0-f1af-4cce-bd5a-cd9126e96671",
          "title": "Todo MVC",
          "fullFile": "",
          "file": "",
          "beforeHooks": [],
          "afterHooks": [],
          "tests": [
            {
              "title": "debería de añadir varias tareas correctamente",
              "fullTitle": "Todo MVC debería de añadir varias tareas correctamente",
              "timedOut": null,
              "duration": 1123,
              "state": "passed",
              "speed": "slow",
              "pass": true,
              "fail": false,
              "pending": false,
              "context": null,
              "code": "cy.get('input.new-todo').type('Tarea 1{enter}Tarea 2{enter}Tarea 3{enter}');\ncy.get('ul.todo-list > li.todo').should('have.length', 3);",
              "err": {},
              "uuid": "2f0f98ed-d9f4-4a4b-9d81-74a7678f10f2",
              "parentUUID": "f01836f0-f1af-4cce-bd5a-cd9126e96671",
              "isHook": false,
              "skipped": false
            },
            {
              "title": "debería filtrar las tareas y mostrar solo las completadas al pulsar sobre Completed",
              "fullTitle": "Todo MVC debería filtrar las tareas y mostrar solo las completadas al pulsar sobre Completed",
              "timedOut": null,
              "duration": 1046,
              "state": "passed",
              "speed": "slow",
              "pass": true,
              "fail": false,
              "pending": false,
              "context": null,
              "code": "cy.get('input.new-todo').type('Tarea 1{enter}Tarea 2{enter}Tarea 3{enter}'); // cy.get('ul.todo-list > li.todo input[type=checkbox]')\n//   .eq(0).click()\n// cy.get('ul.todo-list > li.todo input[type=checkbox]')\n//   .eq(2).click()\ncy.get('ul.todo-list > li.todo input[type=checkbox]').each(function (input, index) {\n  // jQuery\n  if ([0, 2].includes(index)) {\n    input.trigger('click');\n  }\n}); // cy.get('ul.filters > li')\n//   .eq(2)\n//   .click();\ncy.contains('a', 'Completed').click();\ncy.get('ul.todo-list > li.todo').should('have.length', 2); // li.should.have.lengthOf(2)\ncy.get('button.clear-completed').click();\ncy.get('ul.todo-list > li.todo').should('have.length', 0);\ncy.contains('a', 'All').click();\ncy.get('ul.todo-list > li.todo').should('have.length', 1);",
              "err": {},
              "uuid": "4e29d22b-d710-446b-8ccf-a069d6be635b",
              "parentUUID": "f01836f0-f1af-4cce-bd5a-cd9126e96671",
              "isHook": false,
              "skipped": false
            }
          ],
          "suites": [],
          "passes": [
            "2f0f98ed-d9f4-4a4b-9d81-74a7678f10f2",
            "4e29d22b-d710-446b-8ccf-a069d6be635b"
          ],
          "failures": [],
          "pending": [],
          "skipped": [],
          "duration": 2169,
          "root": false,
          "rootEmpty": false,
          "_timeout": 2000
        }
      ],
      "passes": [],
      "failures": [],
      "pending": [],
      "skipped": [],
      "duration": 0,
      "root": true,
      "rootEmpty": true,
      "_timeout": 2000
    }
  ],
  "meta": {
    "mocha": {
      "version": "7.0.1"
    },
    "mochawesome": {
      "options": {
        "quiet": false,
        "reportFilename": "mochawesome",
        "saveHtml": true,
        "saveJson": true,
        "consoleReporter": "spec",
        "useInlineDiffs": false,
        "code": true
      },
      "version": "6.2.2"
    },
    "marge": {
      "options": null,
      "version": "5.2.0"
    }
  }
}